Arguments: 
  D:\Program Files\nodejs\node.exe D:\Program Files\Yarn\bin\yarn.js add hybrogen-js-sdk

PATH: 
  C:\Users\Administrator\bin;D:\Program Files\Git\Git\mingw64\bin;D:\Program Files\Git\Git\usr\local\bin;D:\Program Files\Git\Git\usr\bin;D:\Program Files\Git\Git\usr\bin;D:\Program Files\Git\Git\mingw64\bin;D:\Program Files\Git\Git\usr\bin;C:\Users\Administrator\bin;D:\Program Files\ruby\Ruby22-x64\bin;C:\ProgramData\Oracle\Java\javapath;C:\Windows\system32;C:\Windows;C:\Windows\System32\Wbem;C:\Windows\System32\WindowsPowerShell\v1.0;D:\Program Files\TortoiseSVN\bin;D:\Program Files\Java\jdk1.8.0_121\bin;D:\Program Files\Java\jdk1.8.0_121\jre\bin;D:\Program Files\GIT\Git\cmd;D:\Program Files\Git\Git\cmd;D:\Program Files\CRT;D:\Program Files\Yarn\bin;D:\Program Files\Microsoft VS Code\bin;D:\Program Files\apache-tomcat-7.0.62\bin;D:\Program Files\apache-tomcat-7.0.62\lib;D:\Program Files\apache-maven-3.3.9\bin;C:\Program Files (x86)\Microsoft SQL Server\100\Tools\Binn;C:\Program Files\Microsoft SQL Server\100\Tools\Binn;C:\Program Files\Microsoft SQL Server\100\DTS\Binn;C:\Program Files (x86)\Microsoft SQL Server\100\Tools\Binn\VSShell\Common7\IDE;C:\Program Files (x86)\Microsoft SQL Server\100\DTS\Binn;C:\Program Files (x86)\Microsoft Visual Studio 9.0\Common7\IDE\PrivateAssemblies;D:\Program Files\nodejs;D:\Program Files\nodejs\node.exe;D:\Program Files\Microsoft VS Code\bin;C:\Users\Administrator\AppData\Local\Yarn\bin;C:\Users\Administrator\AppData\Local\BypassRuntm;D:\Program Files\nodejs\node_global;D:\Program Files\Git\Git\usr\bin\vendor_perl;D:\Program Files\Git\Git\usr\bin\core_perl

Yarn version: 
  0.27.5

Node version: 
  12.18.0

Platform: 
  win32 x64

npm manifest: 
  No manifest

yarn manifest: 
  No manifest

Lockfile: 
  No lockfile

Trace: 
  Error: https://registry.yarnpkg.com/hybrogen-js-sdk: Not found
      at Request.params.callback [as _callback] (D:\Program Files\Yarn\lib\yarn-cli.js:58200:18)
      at Request.self.callback (D:\Program Files\Yarn\lib\yarn-cli.js:114242:22)
      at Request.emit (events.js:315:20)
      at Request.<anonymous> (D:\Program Files\Yarn\lib\yarn-cli.js:115225:10)
      at Request.emit (events.js:315:20)
      at IncomingMessage.<anonymous> (D:\Program Files\Yarn\lib\yarn-cli.js:115145:12)
      at Object.onceWrapper (events.js:421:28)
      at IncomingMessage.emit (events.js:327:22)
      at endReadableNT (_stream_readable.js:1221:12)
      at processTicksAndRejections (internal/process/task_queues.js:84:21)
